[22:30:18] [main/INFO]: Loaded 0 recipes
[22:30:18] [Server thread/INFO]: Starting minecraft server version 1.13.2
[22:30:18] [Server thread/INFO]: Loading properties
[22:30:18] [Server thread/INFO]: Default game type: SURVIVAL
[22:30:18] [Server thread/INFO]: This server is running CraftBukkit version git-Spigot-518206a-a5b9c7b (MC: 1.13.2) (Implementing API version 1.13.2-R0.1-SNAPSHOT)
[22:30:18] [Server thread/WARN]: Unable to read file ops.json, backing it up to {0}.backup and creating new copy.
com.google.gson.JsonParseException: com.google.gson.stream.MalformedJsonException: Use JsonReader.setLenient(true) to accept malformed JSON at line 1 column 2 path $[0]
	at net.minecraft.server.v1_13_R2.ChatDeserializer.a(SourceFile:511) ~[spigot-1.13.2.jar:git-Spigot-518206a-a5b9c7b]
	at net.minecraft.server.v1_13_R2.ChatDeserializer.a(SourceFile:527) ~[spigot-1.13.2.jar:git-Spigot-518206a-a5b9c7b]
	at net.minecraft.server.v1_13_R2.JsonList.load(JsonList.java:178) [spigot-1.13.2.jar:git-Spigot-518206a-a5b9c7b]
	at net.minecraft.server.v1_13_R2.DedicatedPlayerList.C(SourceFile:107) [spigot-1.13.2.jar:git-Spigot-518206a-a5b9c7b]
	at net.minecraft.server.v1_13_R2.DedicatedPlayerList.<init>(SourceFile:29) [spigot-1.13.2.jar:git-Spigot-518206a-a5b9c7b]
	at net.minecraft.server.v1_13_R2.DedicatedServer.init(DedicatedServer.java:191) [spigot-1.13.2.jar:git-Spigot-518206a-a5b9c7b]
	at net.minecraft.server.v1_13_R2.MinecraftServer.run(MinecraftServer.java:697) [spigot-1.13.2.jar:git-Spigot-518206a-a5b9c7b]
	at java.lang.Thread.run(Unknown Source) [?:1.8.0_191]
Caused by: com.google.gson.stream.MalformedJsonException: Use JsonReader.setLenient(true) to accept malformed JSON at line 1 column 2 path $[0]
	at com.google.gson.stream.JsonReader.syntaxError(JsonReader.java:1559) ~[spigot-1.13.2.jar:git-Spigot-518206a-a5b9c7b]
	at com.google.gson.stream.JsonReader.checkLenient(JsonReader.java:1401) ~[spigot-1.13.2.jar:git-Spigot-518206a-a5b9c7b]
	at com.google.gson.stream.JsonReader.doPeek(JsonReader.java:593) ~[spigot-1.13.2.jar:git-Spigot-518206a-a5b9c7b]
	at com.google.gson.stream.JsonReader.hasNext(JsonReader.java:414) ~[spigot-1.13.2.jar:git-Spigot-518206a-a5b9c7b]
	at com.google.gson.internal.bind.CollectionTypeAdapterFactory$Adapter.read(CollectionTypeAdapterFactory.java:81) ~[spigot-1.13.2.jar:git-Spigot-518206a-a5b9c7b]
	at com.google.gson.internal.bind.CollectionTypeAdapterFactory$Adapter.read(CollectionTypeAdapterFactory.java:61) ~[spigot-1.13.2.jar:git-Spigot-518206a-a5b9c7b]
	at net.minecraft.server.v1_13_R2.ChatDeserializer.a(SourceFile:509) ~[spigot-1.13.2.jar:git-Spigot-518206a-a5b9c7b]
	... 7 more
[22:30:18] [Server thread/INFO]: Debug logging is disabled
[22:30:18] [Server thread/INFO]: Server Ping Player Sample Count: 12
[22:30:18] [Server thread/INFO]: Using 4 threads for Netty based IO
[22:30:19] [Server thread/INFO]: Generating keypair
[22:30:19] [Server thread/INFO]: Starting Minecraft server on 192.168.8.114:25565
[22:30:19] [Server thread/INFO]: Using default channel type
[22:30:20] [Server thread/INFO]: **** Beginning UUID conversion, this may take A LONG time ****
[22:30:20] [Server thread/INFO]: Preparing level "world"
[22:30:20] [Server thread/INFO]: Reloading ResourceManager: Default, bukkit
[22:30:24] [Server thread/INFO]: Loaded 524 recipes
[22:30:27] [Server thread/INFO]: -------- World Settings For [world] --------
[22:30:27] [Server thread/INFO]: Item Merge Radius: 2.5
[22:30:27] [Server thread/INFO]: Item Despawn Rate: 6000
[22:30:27] [Server thread/INFO]: Custom Map Seeds:  Village: 10387312 Desert: 14357617 Igloo: 14357618 Jungle: 14357619 Swamp: 14357620 Monument: 10387313Ocean: 14357621 Shipwreck: 165745295 Slime: 987234911
[22:30:27] [Server thread/INFO]: Allow Zombie Pigmen to spawn from portal blocks: true
[22:30:27] [Server thread/INFO]: Arrow Despawn Rate: 1200
[22:30:27] [Server thread/INFO]: View Distance: 10
[22:30:27] [Server thread/INFO]: Zombie Aggressive Towards Villager: true
[22:30:27] [Server thread/INFO]: Nerfing mobs spawned from spawners: false
[22:30:27] [Server thread/INFO]: Mob Spawn Range: 6
[22:30:27] [Server thread/INFO]: Entity Activation Range: An 32 / Mo 32 / Mi 16 / Tiv true
[22:30:27] [Server thread/INFO]: Experience Merge Radius: 3.0
[22:30:27] [Server thread/INFO]: Entity Tracking Range: Pl 48 / An 48 / Mo 48 / Mi 32 / Other 64
[22:30:27] [Server thread/INFO]: Hopper Transfer: 8 Hopper Check: 1 Hopper Amount: 1
[22:30:27] [Server thread/INFO]: Cactus Growth Modifier: 100%
[22:30:27] [Server thread/INFO]: Cane Growth Modifier: 100%
[22:30:27] [Server thread/INFO]: Melon Growth Modifier: 100%
[22:30:27] [Server thread/INFO]: Mushroom Growth Modifier: 100%
[22:30:27] [Server thread/INFO]: Pumpkin Growth Modifier: 100%
[22:30:27] [Server thread/INFO]: Sapling Growth Modifier: 100%
[22:30:27] [Server thread/INFO]: Beetroot Growth Modifier: 100%
[22:30:27] [Server thread/INFO]: Carrot Growth Modifier: 100%
[22:30:27] [Server thread/INFO]: Potato Growth Modifier: 100%
[22:30:27] [Server thread/INFO]: Wheat Growth Modifier: 100%
[22:30:27] [Server thread/INFO]: NetherWart Growth Modifier: 100%
[22:30:27] [Server thread/INFO]: Vine Growth Modifier: 100%
[22:30:27] [Server thread/INFO]: Cocoa Growth Modifier: 100%
[22:30:27] [Server thread/INFO]: Max TNT Explosions: 100
[22:30:27] [Server thread/INFO]: Tile Max Tick Time: 50ms Entity max Tick Time: 50ms
[22:30:27] [Server thread/INFO]: Random Lighting Updates: false
[22:30:27] [Server thread/INFO]: -------- World Settings For [world_nether] --------
[22:30:27] [Server thread/INFO]: Item Merge Radius: 2.5
[22:30:27] [Server thread/INFO]: Item Despawn Rate: 6000
[22:30:27] [Server thread/INFO]: Custom Map Seeds:  Village: 10387312 Desert: 14357617 Igloo: 14357618 Jungle: 14357619 Swamp: 14357620 Monument: 10387313Ocean: 14357621 Shipwreck: 165745295 Slime: 987234911
[22:30:27] [Server thread/INFO]: Allow Zombie Pigmen to spawn from portal blocks: true
[22:30:27] [Server thread/INFO]: Arrow Despawn Rate: 1200
[22:30:27] [Server thread/INFO]: View Distance: 10
[22:30:27] [Server thread/INFO]: Zombie Aggressive Towards Villager: true
[22:30:27] [Server thread/INFO]: Nerfing mobs spawned from spawners: false
[22:30:27] [Server thread/INFO]: Mob Spawn Range: 6
[22:30:27] [Server thread/INFO]: Entity Activation Range: An 32 / Mo 32 / Mi 16 / Tiv true
[22:30:27] [Server thread/INFO]: Experience Merge Radius: 3.0
[22:30:27] [Server thread/INFO]: Entity Tracking Range: Pl 48 / An 48 / Mo 48 / Mi 32 / Other 64
[22:30:27] [Server thread/INFO]: Hopper Transfer: 8 Hopper Check: 1 Hopper Amount: 1
[22:30:27] [Server thread/INFO]: Cactus Growth Modifier: 100%
[22:30:27] [Server thread/INFO]: Cane Growth Modifier: 100%
[22:30:27] [Server thread/INFO]: Melon Growth Modifier: 100%
[22:30:27] [Server thread/INFO]: Mushroom Growth Modifier: 100%
[22:30:27] [Server thread/INFO]: Pumpkin Growth Modifier: 100%
[22:30:27] [Server thread/INFO]: Sapling Growth Modifier: 100%
[22:30:27] [Server thread/INFO]: Beetroot Growth Modifier: 100%
[22:30:27] [Server thread/INFO]: Carrot Growth Modifier: 100%
[22:30:27] [Server thread/INFO]: Potato Growth Modifier: 100%
[22:30:27] [Server thread/INFO]: Wheat Growth Modifier: 100%
[22:30:27] [Server thread/INFO]: NetherWart Growth Modifier: 100%
[22:30:27] [Server thread/INFO]: Vine Growth Modifier: 100%
[22:30:27] [Server thread/INFO]: Cocoa Growth Modifier: 100%
[22:30:27] [Server thread/INFO]: Max TNT Explosions: 100
[22:30:27] [Server thread/INFO]: Tile Max Tick Time: 50ms Entity max Tick Time: 50ms
[22:30:27] [Server thread/INFO]: Random Lighting Updates: false
[22:30:27] [Server thread/INFO]: -------- World Settings For [world_the_end] --------
[22:30:27] [Server thread/INFO]: Item Merge Radius: 2.5
[22:30:27] [Server thread/INFO]: Item Despawn Rate: 6000
[22:30:27] [Server thread/INFO]: Custom Map Seeds:  Village: 10387312 Desert: 14357617 Igloo: 14357618 Jungle: 14357619 Swamp: 14357620 Monument: 10387313Ocean: 14357621 Shipwreck: 165745295 Slime: 987234911
[22:30:27] [Server thread/INFO]: Allow Zombie Pigmen to spawn from portal blocks: true
[22:30:27] [Server thread/INFO]: Arrow Despawn Rate: 1200
[22:30:27] [Server thread/INFO]: View Distance: 10
[22:30:27] [Server thread/INFO]: Zombie Aggressive Towards Villager: true
[22:30:27] [Server thread/INFO]: Nerfing mobs spawned from spawners: false
[22:30:27] [Server thread/INFO]: Mob Spawn Range: 6
[22:30:27] [Server thread/INFO]: Entity Activation Range: An 32 / Mo 32 / Mi 16 / Tiv true
[22:30:27] [Server thread/INFO]: Experience Merge Radius: 3.0
[22:30:27] [Server thread/INFO]: Entity Tracking Range: Pl 48 / An 48 / Mo 48 / Mi 32 / Other 64
[22:30:27] [Server thread/INFO]: Hopper Transfer: 8 Hopper Check: 1 Hopper Amount: 1
[22:30:27] [Server thread/INFO]: Cactus Growth Modifier: 100%
[22:30:27] [Server thread/INFO]: Cane Growth Modifier: 100%
[22:30:27] [Server thread/INFO]: Melon Growth Modifier: 100%
[22:30:27] [Server thread/INFO]: Mushroom Growth Modifier: 100%
[22:30:27] [Server thread/INFO]: Pumpkin Growth Modifier: 100%
[22:30:27] [Server thread/INFO]: Sapling Growth Modifier: 100%
[22:30:27] [Server thread/INFO]: Beetroot Growth Modifier: 100%
[22:30:27] [Server thread/INFO]: Carrot Growth Modifier: 100%
[22:30:27] [Server thread/INFO]: Potato Growth Modifier: 100%
[22:30:27] [Server thread/INFO]: Wheat Growth Modifier: 100%
[22:30:27] [Server thread/INFO]: NetherWart Growth Modifier: 100%
[22:30:27] [Server thread/INFO]: Vine Growth Modifier: 100%
[22:30:27] [Server thread/INFO]: Cocoa Growth Modifier: 100%
[22:30:27] [Server thread/INFO]: Max TNT Explosions: 100
[22:30:27] [Server thread/INFO]: Tile Max Tick Time: 50ms Entity max Tick Time: 50ms
[22:30:27] [Server thread/INFO]: Random Lighting Updates: false
[22:30:28] [Server thread/INFO]: Preparing start region for level minecraft:overworld (Seed: 7516077450315575120)
[22:30:28] [Server thread/INFO]: Preparing spawn area: 4%
[22:30:28] [Server thread/INFO]: Preparing spawn area: 8%
[22:30:28] [Server thread/INFO]: Preparing spawn area: 12%
[22:30:28] [Server thread/INFO]: Preparing spawn area: 16%
[22:30:28] [Server thread/INFO]: Preparing spawn area: 20%
[22:30:29] [Server thread/INFO]: Preparing spawn area: 24%
[22:30:29] [Server thread/INFO]: Preparing spawn area: 28%
[22:30:30] [Server thread/INFO]: Preparing spawn area: 32%
[22:30:30] [Server thread/INFO]: Preparing spawn area: 36%
[22:30:30] [Server thread/INFO]: Preparing spawn area: 40%
[22:30:30] [Server thread/INFO]: Preparing spawn area: 44%
[22:30:30] [Server thread/INFO]: Preparing spawn area: 48%
[22:30:30] [Server thread/INFO]: Preparing spawn area: 52%
[22:30:30] [Server thread/INFO]: Preparing spawn area: 56%
[22:30:30] [Server thread/INFO]: Preparing spawn area: 60%
[22:30:30] [Server thread/INFO]: Preparing spawn area: 64%
[22:30:30] [Server thread/INFO]: Preparing spawn area: 68%
[22:30:30] [Server thread/INFO]: Preparing spawn area: 72%
[22:30:30] [Server thread/INFO]: Preparing spawn area: 76%
[22:30:31] [Server thread/INFO]: Preparing spawn area: 80%
[22:30:31] [Server thread/INFO]: Preparing spawn area: 84%
[22:30:31] [Server thread/INFO]: Preparing spawn area: 88%
[22:30:31] [Server thread/INFO]: Preparing spawn area: 92%
[22:30:31] [Server thread/INFO]: Preparing spawn area: 96%
[22:30:31] [Server thread/INFO]: Preparing spawn area: 100%
[22:30:31] [Server thread/INFO]: Preparing start region for level minecraft:the_end (Seed: 7516077450315575120)
[22:30:31] [Server thread/INFO]: Preparing spawn area: 4%
[22:30:31] [Server thread/INFO]: Preparing spawn area: 8%
[22:30:31] [Server thread/INFO]: Preparing spawn area: 12%
[22:30:31] [Server thread/INFO]: Preparing spawn area: 16%
[22:30:31] [Server thread/INFO]: Preparing spawn area: 20%
[22:30:31] [Server thread/INFO]: Preparing spawn area: 24%
[22:30:31] [Server thread/INFO]: Preparing spawn area: 28%
[22:30:31] [Server thread/INFO]: Preparing spawn area: 32%
[22:30:31] [Server thread/INFO]: Preparing spawn area: 36%
[22:30:31] [Server thread/INFO]: Preparing spawn area: 40%
[22:30:32] [Server thread/INFO]: Preparing spawn area: 44%
[22:30:32] [Server thread/INFO]: Preparing spawn area: 48%
[22:30:32] [Server thread/INFO]: Preparing spawn area: 52%
[22:30:32] [Server thread/INFO]: Preparing spawn area: 56%
[22:30:32] [Server thread/INFO]: Preparing spawn area: 60%
[22:30:32] [Server thread/INFO]: Preparing spawn area: 64%
[22:30:32] [Server thread/INFO]: Preparing spawn area: 68%
[22:30:32] [Server thread/INFO]: Preparing spawn area: 72%
[22:30:32] [Server thread/INFO]: Preparing spawn area: 76%
[22:30:32] [Server thread/INFO]: Preparing spawn area: 80%
[22:30:32] [Server thread/INFO]: Preparing spawn area: 84%
[22:30:32] [Server thread/INFO]: Preparing spawn area: 88%
[22:30:32] [Server thread/INFO]: Preparing spawn area: 92%
[22:30:32] [Server thread/INFO]: Preparing spawn area: 96%
[22:30:32] [Server thread/INFO]: Preparing spawn area: 100%
[22:30:32] [Server thread/INFO]: Preparing start region for level minecraft:the_nether (Seed: 7516077450315575120)
[22:30:33] [Server thread/INFO]: Preparing spawn area: 4%
[22:30:33] [Server thread/INFO]: Preparing spawn area: 8%
[22:30:33] [Server thread/INFO]: Preparing spawn area: 12%
[22:30:33] [Server thread/INFO]: Preparing spawn area: 16%
[22:30:33] [Server thread/INFO]: Preparing spawn area: 20%
[22:30:33] [Server thread/INFO]: Preparing spawn area: 24%
[22:30:33] [Server thread/INFO]: Preparing spawn area: 28%
[22:30:33] [Server thread/INFO]: Preparing spawn area: 32%
[22:30:33] [Server thread/INFO]: Preparing spawn area: 36%
[22:30:33] [Server thread/INFO]: Preparing spawn area: 40%
[22:30:34] [Server thread/INFO]: Preparing spawn area: 44%
[22:30:34] [Server thread/INFO]: Preparing spawn area: 48%
[22:30:34] [Server thread/INFO]: Preparing spawn area: 52%
[22:30:34] [Server thread/INFO]: Preparing spawn area: 56%
[22:30:34] [Server thread/INFO]: Preparing spawn area: 60%
[22:30:34] [Server thread/INFO]: Preparing spawn area: 64%
[22:30:34] [Server thread/INFO]: Preparing spawn area: 68%
[22:30:34] [Server thread/INFO]: Preparing spawn area: 72%
[22:30:35] [Server thread/INFO]: Preparing spawn area: 76%
[22:30:35] [Server thread/INFO]: Preparing spawn area: 80%
[22:30:35] [Server thread/INFO]: Preparing spawn area: 84%
[22:30:35] [Server thread/INFO]: Preparing spawn area: 88%
[22:30:35] [Server thread/INFO]: Preparing spawn area: 92%
[22:30:35] [Server thread/INFO]: Preparing spawn area: 96%
[22:30:35] [Server thread/INFO]: Preparing spawn area: 100%
[22:30:35] [Server thread/INFO]: Time elapsed: 7560 ms
[22:30:35] [Server thread/INFO]: Server permissions file permissions.yml is empty, ignoring it
[22:30:35] [Server thread/INFO]: Done (14.879s)! For help, type "help"
[22:30:59] [Server thread/INFO]: [0;33;1m--------- [0;37;1mHelp: Index [0;33;1m---------------------------[m
[22:30:59] [Server thread/INFO]: [0;37;22mUse /help [n] to get page n of help.[m
[22:30:59] [Server thread/INFO]: [0;33;22mAliases: [0;37;1mLists command aliases[m
[22:30:59] [Server thread/INFO]: [0;33;22mBukkit: [0;37;1mAll commands for Bukkit[m
[22:30:59] [Server thread/INFO]: [0;33;22mMinecraft: [0;37;1mAll commands for Minecraft[m
[22:30:59] [Server thread/INFO]: [0;33;22m/advancement: [0;37;1mA Mojang provided command.[m
[22:30:59] [Server thread/INFO]: [0;33;22m/ban: [0;37;1mA Mojang provided command.[m
[22:30:59] [Server thread/INFO]: [0;33;22m/ban-ip: [0;37;1mA Mojang provided command.[m
[22:30:59] [Server thread/INFO]: [0;33;22m/banlist: [0;37;1mA Mojang provided command.[m
[22:30:59] [Server thread/INFO]: [0;33;22m/bossbar: [0;37;1mA Mojang provided command.[m
[22:30:59] [Server thread/INFO]: [0;33;22m/clear: [0;37;1mA Mojang provided command.[m
[22:30:59] [Server thread/INFO]: [0;33;22m/clone: [0;37;1mA Mojang provided command.[m
[22:30:59] [Server thread/INFO]: [0;33;22m/data: [0;37;1mA Mojang provided command.[m
[22:30:59] [Server thread/INFO]: [0;33;22m/datapack: [0;37;1mA Mojang provided command.[m
[22:30:59] [Server thread/INFO]: [0;33;22m/debug: [0;37;1mA Mojang provided command.[m
[22:30:59] [Server thread/INFO]: [0;33;22m/defaultgamemode: [0;37;1mA Mojang provided command.[m
[22:30:59] [Server thread/INFO]: [0;33;22m/deop: [0;37;1mA Mojang provided command.[m
[22:30:59] [Server thread/INFO]: [0;33;22m/difficulty: [0;37;1mA Mojang provided command.[m
[22:30:59] [Server thread/INFO]: [0;33;22m/effect: [0;37;1mA Mojang provided command.[m
[22:30:59] [Server thread/INFO]: [0;33;22m/enchant: [0;37;1mA Mojang provided command.[m
[22:30:59] [Server thread/INFO]: [0;33;22m/execute: [0;37;1mA Mojang provided command.[m
[22:30:59] [Server thread/INFO]: [0;33;22m/experience: [0;37;1mA Mojang provided command.[m
[22:30:59] [Server thread/INFO]: [0;33;22m/fill: [0;37;1mA Mojang provided command.[m
[22:30:59] [Server thread/INFO]: [0;33;22m/forceload: [0;37;1mA Mojang provided command.[m
[22:30:59] [Server thread/INFO]: [0;33;22m/function: [0;37;1mA Mojang provided command.[m
[22:30:59] [Server thread/INFO]: [0;33;22m/gamemode: [0;37;1mA Mojang provided command.[m
[22:30:59] [Server thread/INFO]: [0;33;22m/gamerule: [0;37;1mA Mojang provided command.[m
[22:30:59] [Server thread/INFO]: [0;33;22m/give: [0;37;1mA Mojang provided command.[m
[22:30:59] [Server thread/INFO]: [0;33;22m/help: [0;37;1mShows the help menu[m
[22:30:59] [Server thread/INFO]: [0;33;22m/kick: [0;37;1mA Mojang provided command.[m
[22:30:59] [Server thread/INFO]: [0;33;22m/kill: [0;37;1mA Mojang provided command.[m
[22:30:59] [Server thread/INFO]: [0;33;22m/list: [0;37;1mA Mojang provided command.[m
[22:30:59] [Server thread/INFO]: [0;33;22m/locate: [0;37;1mA Mojang provided command.[m
[22:30:59] [Server thread/INFO]: [0;33;22m/me: [0;37;1mA Mojang provided command.[m
[22:30:59] [Server thread/INFO]: [0;33;22m/minecraft:help: [0;37;1mA Mojang provided command.[m
[22:30:59] [Server thread/INFO]: [0;33;22m/minecraft:reload: [0;37;1mA Mojang provided command.[m
[22:30:59] [Server thread/INFO]: [0;33;22m/msg: [0;37;1mA Mojang provided command.[m
[22:30:59] [Server thread/INFO]: [0;33;22m/op: [0;37;1mA Mojang provided command.[m
[22:30:59] [Server thread/INFO]: [0;33;22m/pardon: [0;37;1mA Mojang provided command.[m
[22:30:59] [Server thread/INFO]: [0;33;22m/pardon-ip: [0;37;1mA Mojang provided command.[m
[22:30:59] [Server thread/INFO]: [0;33;22m/particle: [0;37;1mA Mojang provided command.[m
[22:30:59] [Server thread/INFO]: [0;33;22m/playsound: [0;37;1mA Mojang provided command.[m
[22:30:59] [Server thread/INFO]: [0;33;22m/plugins: [0;37;1mGets a list of plugins running on the server[m
[22:30:59] [Server thread/INFO]: [0;33;22m/publish: [0;37;1mA Mojang provided command.[m
[22:30:59] [Server thread/INFO]: [0;33;22m/recipe: [0;37;1mA Mojang provided command.[m
[22:30:59] [Server thread/INFO]: [0;33;22m/reload: [0;37;1mReloads the server configuration and plugins[m
[22:30:59] [Server thread/INFO]: [0;33;22m/replaceitem: [0;37;1mA Mojang provided command.[m
[22:30:59] [Server thread/INFO]: [0;33;22m/restart: [0;37;1mRestarts the server[m
[22:30:59] [Server thread/INFO]: [0;33;22m/save-all: [0;37;1mA Mojang provided command.[m
[22:30:59] [Server thread/INFO]: [0;33;22m/save-off: [0;37;1mA Mojang provided command.[m
[22:30:59] [Server thread/INFO]: [0;33;22m/save-on: [0;37;1mA Mojang provided command.[m
[22:30:59] [Server thread/INFO]: [0;33;22m/say: [0;37;1mA Mojang provided command.[m
[22:30:59] [Server thread/INFO]: [0;33;22m/scoreboard: [0;37;1mA Mojang provided command.[m
[22:30:59] [Server thread/INFO]: [0;33;22m/seed: [0;37;1mA Mojang provided command.[m
[22:30:59] [Server thread/INFO]: [0;33;22m/setblock: [0;37;1mA Mojang provided command.[m
[22:30:59] [Server thread/INFO]: [0;33;22m/setidletimeout: [0;37;1mA Mojang provided command.[m
[22:30:59] [Server thread/INFO]: [0;33;22m/setworldspawn: [0;37;1mA Mojang provided command.[m
[22:30:59] [Server thread/INFO]: [0;33;22m/spawnpoint: [0;37;1mA Mojang provided command.[m
[22:30:59] [Server thread/INFO]: [0;33;22m/spigot: [0;37;1mSpigot related commands[m
[22:30:59] [Server thread/INFO]: [0;33;22m/spreadplayers: [0;37;1mA Mojang provided command.[m
[22:30:59] [Server thread/INFO]: [0;33;22m/stop: [0;37;1mA Mojang provided command.[m
[22:30:59] [Server thread/INFO]: [0;33;22m/stopsound: [0;37;1mA Mojang provided command.[m
[22:30:59] [Server thread/INFO]: [0;33;22m/summon: [0;37;1mA Mojang provided command.[m
[22:30:59] [Server thread/INFO]: [0;33;22m/tag: [0;37;1mA Mojang provided command.[m
[22:30:59] [Server thread/INFO]: [0;33;22m/team: [0;37;1mA Mojang provided command.[m
[22:30:59] [Server thread/INFO]: [0;33;22m/teleport: [0;37;1mA Mojang provided command.[m
[22:30:59] [Server thread/INFO]: [0;33;22m/tell: [0;37;1mA Mojang provided command.[m
[22:30:59] [Server thread/INFO]: [0;33;22m/tellraw: [0;37;1mA Mojang provided command.[m
[22:30:59] [Server thread/INFO]: [0;33;22m/time: [0;37;1mA Mojang provided command.[m
[22:30:59] [Server thread/INFO]: [0;33;22m/timings: [0;37;1mManages Spigot Timings data to see performance of the server.[m
[22:30:59] [Server thread/INFO]: [0;33;22m/title: [0;37;1mA Mojang provided command.[m
[22:30:59] [Server thread/INFO]: [0;33;22m/tp: [0;37;1mA Mojang provided command.[m
[22:30:59] [Server thread/INFO]: [0;33;22m/tps: [0;37;1mGets the current ticks per second for the server[m
[22:30:59] [Server thread/INFO]: [0;33;22m/trigger: [0;37;1mA Mojang provided command.[m
[22:30:59] [Server thread/INFO]: [0;33;22m/version: [0;37;1mGets the version of this server including any plugins in use[m
[22:30:59] [Server thread/INFO]: [0;33;22m/w: [0;37;1mA Mojang provided command.[m
[22:30:59] [Server thread/INFO]: [0;33;22m/weather: [0;37;1mA Mojang provided command.[m
[22:30:59] [Server thread/INFO]: [0;33;22m/whitelist: [0;37;1mA Mojang provided command.[m
[22:30:59] [Server thread/INFO]: [0;33;22m/worldborder: [0;37;1mA Mojang provided command.[m
[22:30:59] [Server thread/INFO]: [0;33;22m/xp: [0;37;1mA Mojang provided command.[m
[22:31:09] [User Authenticator #1/INFO]: UUID of player X_Abdullah is 0d41e862-c0da-45f7-a8b1-3088ac0e30e0
[22:31:11] [Server thread/INFO]: X_Abdullah[/192.168.8.114:3028] logged in with entity id 94 at ([world]-79.5, 63.0, 191.5)
[22:31:37] [Server thread/INFO]: Made X_Abdullah a server operator
[22:32:01] [Server thread/INFO]: X_Abdullah lost connection: Disconnected
[22:32:01] [Server thread/INFO]: X_Abdullah left the game
[22:32:05] [Server thread/INFO]: Stopping the server
[22:32:05] [Server thread/INFO]: Stopping server
[22:32:05] [Server thread/INFO]: Saving players
[22:32:05] [Server thread/INFO]: Saving worlds
[22:32:05] [Server thread/INFO]: Saving chunks for level 'world'/minecraft:overworld
[22:32:05] [Server thread/INFO]: Saving chunks for level 'world_the_end'/minecraft:the_end
[22:32:05] [Server thread/INFO]: Saving chunks for level 'world_nether'/minecraft:the_nether
